c:\users\zhaodi\desktop\raytracer2\debug\vc120.pdb
c:\users\zhaodi\desktop\raytracer2\debug\vc120.idb
c:\users\zhaodi\desktop\raytracer2\debug\raytracer.obj
c:\users\zhaodi\desktop\raytracer2\debug\scene.obj
c:\users\zhaodi\desktop\raytracer2\debug\surface.obj
c:\users\zhaodi\desktop\raytracer2\debug\testapp.obj
c:\users\asus\desktop\计算机图形学\ray_tracing\实验三\debug\vc140.pdb
c:\users\zhaodi\desktop\raytracer2\debug\raytracer.ilk
c:\users\zhaodi\desktop\raytracer2\debug\raytracer.exe
c:\users\zhaodi\desktop\raytracer2\debug\raytracer.pdb
c:\users\asus\desktop\计算机图形学\ray_tracing\实验三\debug\raytracer.obj
c:\users\asus\desktop\计算机图形学\ray_tracing\实验三\debug\scene.obj
c:\users\asus\desktop\计算机图形学\ray_tracing\实验三\debug\surface.obj
c:\users\asus\desktop\计算机图形学\ray_tracing\实验三\debug\testapp.obj
c:\users\asus\desktop\计算机图形学\ray_tracing\实验三\debug\raytracer.ilk
c:\users\asus\desktop\计算机图形学\ray_tracing\实验三\debug\vc120.idb
c:\users\asus\desktop\计算机图形学\ray_tracing\实验三\debug\raytracer.pdb
c:\users\asus\desktop\计算机图形学\ray_tracing\实验三\debug\vc120.pdb
c:\users\asus\desktop\计算机图形学\ray_tracing\实验三\.\debug\raytracer.exe
c:\users\asus\desktop\计算机图形学\ray_tracing\实验三\debug\raytracer.tlog\cl.command.1.tlog
c:\users\asus\desktop\计算机图形学\ray_tracing\实验三\debug\raytracer.tlog\cl.read.1.tlog
c:\users\asus\desktop\计算机图形学\ray_tracing\实验三\debug\raytracer.tlog\cl.write.1.tlog
c:\users\asus\desktop\计算机图形学\ray_tracing\实验三\debug\raytracer.tlog\link.command.1.tlog
c:\users\asus\desktop\计算机图形学\ray_tracing\实验三\debug\raytracer.tlog\link.read.1.tlog
c:\users\asus\desktop\计算机图形学\ray_tracing\实验三\debug\raytracer.tlog\link.write.1.tlog
